VCD info: dumpfile dump.vcd opened for output.
VCD warning: $dumpvars: Package ($unit) is not dumpable with VCD.
                   0 : 00000000 0 0 x
                   5 : 00000000 0 0 0
                  20 : 00000000 1 0 0
                  40 : 00000001 1 0 0
                  50 : 9100a07e 1 0 0
                  60 : 8100dbc9 1 0 0
                  70 : 892cdbdc 1 0 0
                  80 : dddedfe0 1 0 0
                  90 : e1e2e3e4 1 0 0
                 100 : e5e6e7e8 1 0 0
                 110 : e9eaebec 1 0 0
                 120 : edeeeff0 1 0 0
                 130 : f1f2f3f4 1 0 0
                 140 : f5f6f7f8 1 0 0
                 150 : f9fafbfc 1 0 0
                 160 : fdfeff00 1 0 0
                 170 : 01020304 1 0 0
                 180 : 05060708 1 0 0
                 190 : 090a0b0c 1 0 0
                 200 : 0d0e0f10 1 0 0
                 210 : 11121314 1 0 0
                 220 : 15161718 1 0 0
                 230 : 81faec88 1 1 0
                 240 : 81faec88 0 0 0
                 250 : 00000000 1 0 0
                 270 : 00000001 1 0 0
                 280 : 9100a07e 1 0 0
                 290 : 8100dbc9 1 0 0
                 300 : 892cdbdc 1 0 0
                 310 : dddedfe0 1 0 0
                 320 : e1e2e3e4 1 0 0
                 330 : e5e6e7e8 1 0 0
                 340 : e9eaebec 1 0 0
                 350 : edeeeff0 1 0 0
                 360 : f1f2f3f4 1 0 0
                 370 : f5f6f7f8 1 0 0
                 380 : f9fafbfc 1 0 0
                 390 : fdfeff00 1 0 0
                 400 : 01020304 1 0 0
                 410 : 05060708 1 0 0
                 420 : 090a0b0c 1 0 0
                 430 : 0d0e0f10 1 0 0
                 440 : 11121314 1 0 0
                 450 : 15161718 1 0 0
                 460 : 7e051377 1 1 0
                 465 : 7e051377 1 1 1
                 470 : 7e051377 0 0 1
                 475 : 7e051377 0 0 0
                 480 : 00000000 1 0 0
                 500 : 00000001 1 0 0
                 510 : 9100a07e 1 0 0
                 520 : 8100dbc9 1 0 0
                 530 : 892cdbdc 1 0 0
                 540 : dddedfe0 1 0 0
                 550 : e1e2e3e4 1 0 0
                 560 : e5e6e7e8 1 0 0
                 570 : e9eaebec 1 0 0
                 580 : edeeeff0 1 0 0
                 590 : f1f2f3f4 1 0 0
                 600 : f5f6f7f8 1 0 0
                 610 : f9fafbfc 1 0 0
                 620 : fdfeff00 1 0 0
                 630 : 01020304 1 0 0
                 640 : 05060708 1 0 0
                 650 : 090a0b0c 1 0 0
                 660 : 0d0e0f10 1 0 0
                 670 : 11121314 1 0 0
                 680 : 15161718 1 0 0
                 690 : 81faec88 1 1 0
                 700 : 81faec88 0 0 0
                 710 : 00000000 1 0 0
                 730 : 00000004 1 0 0
                 740 : 9100fafc 1 0 0
                 750 : 81009138 1 0 0
                 760 : 38f51213 1 0 0
                 770 : 14151617 1 0 0
                 780 : 18191a1b 1 0 0
                 790 : 1c1d1e1f 1 0 0
                 800 : 20212223 1 0 0
                 810 : 24252627 1 0 0
                 820 : 28292a2b 1 0 0
                 830 : 2c2d2e2f 1 0 0
                 840 : 30313233 1 0 0
                 850 : 34353637 1 0 0
                 860 : 38393a3b 1 0 0
                 870 : 3c3d3e3f 1 0 0
                 880 : 40414243 1 0 0
                 890 : 44454647 1 0 0
                 900 : 48494a9e 1 0 0
                 910 : 38c9f400 1 1 0
                 920 : 38c9f400 0 0 0
./tb/LDL_crc32_dn_check_tb.sv:76: $finish called at 940 (1ns)
