Y[0] = c[23] + c[29] + d[5]
Y[1] = c[22] + c[28] + c[31] + d[4] + d[7]
Y[2] = c[21] + c[27] + c[30] + c[31] + d[3] + d[6] + d[7]
Y[3] = c[20] + c[26] + c[29] + c[30] + d[2] + d[5] + d[6]
Y[4] = c[19] + c[25] + c[28] + c[29] + c[31] + d[1] + d[4] + d[5] + d[7]
Y[5] = c[18] + c[24] + c[27] + c[28] + c[30] + d[0] + d[3] + d[4] + d[6]
Y[6] = c[17] + c[26] + c[27] + d[2] + d[3]
Y[7] = c[16] + c[25] + c[26] + c[31] + d[1] + d[2] + d[7]
Y[8] = c[15] + c[24] + c[25] + c[30] + d[0] + d[1] + d[6]
Y[9] = c[14] + c[24] + d[0]
Y[10] = c[13] + c[29] + d[5]
Y[11] = c[12] + c[28] + d[4]
Y[12] = c[11] + c[27] + c[31] + d[3] + d[7]
Y[13] = c[10] + c[26] + c[30] + c[31] + d[2] + d[6] + d[7]
Y[14] = c[25] + c[29] + c[30] + c[9] + d[1] + d[5] + d[6]
Y[15] = c[24] + c[28] + c[29] + c[8] + d[0] + d[4] + d[5]
Y[16] = c[27] + c[28] + c[29] + c[31] + c[7] + d[3] + d[4] + d[5] + d[7]
Y[17] = c[26] + c[27] + c[28] + c[30] + c[31] + c[6] + d[2] + d[3] + d[4] + d[6] + d[7]
Y[18] = c[25] + c[26] + c[27] + c[29] + c[30] + c[31] + c[5] + d[1] + d[2] + d[3] + d[5] + d[6] + d[7]
Y[19] = c[24] + c[25] + c[26] + c[28] + c[29] + c[30] + c[4] + d[0] + d[1] + d[2] + d[4] + d[5] + d[6]
Y[20] = c[24] + c[25] + c[27] + c[28] + c[3] + d[0] + d[1] + d[3] + d[4]
Y[21] = c[24] + c[26] + c[27] + c[29] + c[2] + d[0] + d[2] + d[3] + d[5]
Y[22] = c[1] + c[25] + c[26] + c[28] + c[29] + d[1] + d[2] + d[4] + d[5]
Y[23] = c[0] + c[24] + c[25] + c[27] + c[28] + d[0] + d[1] + d[3] + d[4]
Y[24] = c[24] + c[26] + c[27] + c[29] + c[31] + d[0] + d[2] + d[3] + d[5] + d[7]
Y[25] = c[25] + c[26] + c[28] + c[29] + c[30] + c[31] + d[1] + d[2] + d[4] + d[5] + d[6] + d[7]
Y[26] = c[24] + c[25] + c[27] + c[28] + c[29] + c[30] + c[31] + d[0] + d[1] + d[3] + d[4] + d[5] + d[6] + d[7]
Y[27] = c[24] + c[26] + c[27] + c[28] + c[30] + d[0] + d[2] + d[3] + d[4] + d[6]
Y[28] = c[25] + c[26] + c[27] + c[31] + d[1] + d[2] + d[3] + d[7]
Y[29] = c[24] + c[25] + c[26] + c[30] + c[31] + d[0] + d[1] + d[2] + d[6] + d[7]
Y[30] = c[24] + c[25] + c[30] + c[31] + d[0] + d[1] + d[6] + d[7]
Y[31] = c[24] + c[30] + d[0] + d[6]
