Ram@LDL_afifo_v1_tb.dut.p2ram_ra : LDL_p2ram_ra_v1 :           8 :           16
VCD info: dumpfile dump.vcd opened for output.
VCD warning: $dumpvars: Package ($unit) is not dumpable with VCD.
                   0 : x  x
                  15 : 1  0
                 285 : 0  0
                 305 : 0  1
                 495 : 0  0
                 515 : 0  1
                 615 : 0  0
                 625 : 0  1
                 735 : 0  0
                 795 : 0  1
                 855 : 0  0
                 895 : 0  1
                 975 : 0  0
                1155 : 0  1
                1215 : 0  0
                1305 : 0  1
                1335 : 0  0
                1365 : 0  1
                1455 : 0  0
                1495 : 0  1
                1575 : 0  0
                1585 : 0  1
                1695 : 0  0
                1745 : 0  1
                1815 : 0  0
                1905 : 0  1
                2055 : 0  0
                2095 : 0  1
                2175 : 0  0
                2215 : 0  1
                2295 : 0  0
                2335 : 0  1
                2415 : 0  0
                2525 : 0  1
                2535 : 0  0
                2585 : 0  1
                2775 : 0  0
                2805 : 0  1
                2895 : 0  0
                2975 : 0  1
                3015 : 0  0
                3065 : 0  1
                3255 : 0  0
                3295 : 0  1
                3375 : 0  0
                3425 : 0  1
                3495 : 0  0
                3515 : 0  1
                3615 : 0  0
                3625 : 0  1
                3735 : 0  0
                3755 : 0  1
                3855 : 0  0
                3895 : 0  1
                3975 : 0  0
                4005 : 0  1
                4095 : 0  0
                4165 : 0  1
                4215 : 0  0
                4235 : 0  1
                4335 : 0  0
                4355 : 0  1
                4455 : 0  0
                4465 : 0  1
                4575 : 0  0
                4635 : 0  1
                4695 : 0  0
                4785 : 0  1
                4815 : 0  0
                4845 : 0  1
                4935 : 0  0
                4945 : 0  1
                5055 : 0  0
                5095 : 0  1
                5175 : 0  0
                5185 : 0  1
                5295 : 0  0
                5365 : 0  1
                5415 : 0  0
                5445 : 0  1
                5535 : 0  0
                5565 : 0  1
                5655 : 0  0
                5715 : 0  1
                5775 : 0  0
                5825 : 0  1
                5895 : 0  0
                5975 : 0  1
                6135 : 0  0
                6155 : 0  1
                6255 : 0  0
                6265 : 0  1
                6375 : 0  0
                6415 : 0  1
                6495 : 0  0
                6525 : 0  1
                6615 : 0  0
                6695 : 0  1
                6735 : 0  0
                6765 : 0  1
                6855 : 0  0
                6915 : 0  1
                6975 : 0  0
                7035 : 0  1
                7095 : 0  0
                7185 : 0  1
                7215 : 0  0
                7235 : 0  1
                7335 : 0  0
                7395 : 0  1
                7455 : 0  0
                7465 : 0  1
                7575 : 0  0
                7625 : 0  1
                7695 : 0  0
                7715 : 0  1
                7815 : 0  0
                7825 : 0  1
                7935 : 0  0
                7945 : 0  1
                8055 : 0  0
                8085 : 0  1
                8175 : 0  0
                8235 : 0  1
                8295 : 0  0
                8385 : 0  1
                8415 : 0  0
                8445 : 0  1
                8535 : 0  0
                8585 : 0  1
                8775 : 0  0
                8845 : 0  1
                8895 : 0  0
                8925 : 0  1
                9015 : 0  0
                9045 : 0  1
                9135 : 0  0
                9155 : 0  1
                9255 : 0  0
                9285 : 0  1
                9375 : 0  0
                9445 : 0  1
                9495 : 0  0
                9585 : 0  1
                9615 : 0  0
                9665 : 0  1
                9735 : 0  0
                9755 : 0  1
                9855 : 0  0
                9885 : 0  1
                9975 : 0  0
               10035 : 0  1
               10095 : 0  0
               10125 : 0  1
               10215 : 0  0
               10235 : 0  1
               10335 : 0  0
               10385 : 0  1
               10455 : 0  0
               10515 : 0  1
               10575 : 0  0
               10685 : 0  1
               10695 : 0  0
               10715 : 0  1
               10815 : 0  0
               10825 : 0  1
               10935 : 0  0
               10955 : 0  1
               11055 : 0  0
               11095 : 0  1
               11175 : 0  0
               11215 : 0  1
               11415 : 0  0
               11485 : 0  1
               11535 : 0  0
               11545 : 0  1
               11655 : 0  0
               11675 : 0  1
               11775 : 0  0
               11785 : 0  1
               11895 : 0  0
               11925 : 0  1
               12015 : 0  0
               12075 : 0  1
               12135 : 0  0
               12205 : 0  1
               12255 : 0  0
               12285 : 0  1
               12375 : 0  0
               12395 : 0  1
               12495 : 0  0
               12515 : 0  1
               12615 : 0  0
               12675 : 0  1
               12735 : 0  0
               12785 : 0  1
               12855 : 0  0
               12915 : 0  1
               13095 : 0  0
               13105 : 0  1
               13215 : 0  0
               13255 : 0  1
               13335 : 0  0
               13365 : 0  1
               13455 : 0  0
               13495 : 0  1
               13575 : 0  0
               13685 : 0  1
               13695 : 0  0
               13735 : 0  1
               13815 : 0  0
               13845 : 0  1
               13935 : 0  0
               13985 : 0  1
               14055 : 0  0
               14095 : 0  1
               14175 : 0  0
               14245 : 0  1
               14295 : 0  0
               14345 : 0  1
               14415 : 0  0
               14435 : 0  1
               14535 : 0  0
               14555 : 0  1
               14655 : 0  0
               14665 : 0  1
               14775 : 0  0
               14805 : 0  1
               14895 : 0  0
               14955 : 0  1
               15015 : 0  0
               15065 : 0  1
               15135 : 0  0
               15145 : 0  1
               15255 : 0  0
               15345 : 0  1
               15375 : 0  0
               15395 : 0  1
               15495 : 0  0
               15575 : 0  1
               15615 : 0  0
               15695 : 0  1
               15735 : 0  0
               15795 : 0  1
               15855 : 0  0
               15915 : 0  1
               15975 : 0  0
               16075 : 0  1
               16215 : 0  0
               16285 : 0  1
               16335 : 0  0
               16465 : 0  1
               16575 : 0  0
               16605 : 0  1
               16695 : 0  0
               16705 : 0  1
               16815 : 0  0
               16885 : 0  1
               16935 : 0  0
               16945 : 0  1
               17055 : 0  0
               17085 : 0  1
               17175 : 0  0
               17235 : 0  1
               17295 : 0  0
               17335 : 0  1
               17415 : 0  0
               17455 : 0  1
               17535 : 0  0
               17625 : 0  1
               17655 : 0  0
               17685 : 0  1
               17775 : 0  0
               17785 : 0  1
               17895 : 0  0
               17905 : 0  1
               18015 : 0  0
               18085 : 0  1
               18135 : 0  0
               18185 : 0  1
               18255 : 0  0
               18335 : 0  1
               18375 : 0  0
               18405 : 0  1
               18495 : 0  0
               18545 : 0  1
               18615 : 0  0
               18685 : 0  1
               18735 : 0  0
               18745 : 0  1
               18855 : 0  0
               18865 : 0  1
               18975 : 0  0
               19015 : 0  1
               19095 : 0  0
               19115 : 0  1
               19215 : 0  0
               19235 : 0  1
               19335 : 0  0
               19345 : 0  1
               19455 : 0  0
               19505 : 0  1
               19575 : 0  0
               19635 : 0  1
               19695 : 0  0
               19705 : 0  1
               19815 : 0  0
               19825 : 0  1
All done!

./tb/LDL_afifo_v1_tb.sv:61: $finish called at 20000 (1ns)
