Ram@LDL_sfifo_v1_tb.dut.p2ram_rs : LDL_p2ram_rs_v1 :           8 :           16
VCD info: dumpfile dump.vcd opened for output.
VCD warning: $dumpvars: Package ($unit) is not dumpable with VCD.
                   0 : x  x
                   5 : 1  0
                  35 : 0  0
                 205 : 1  0
                 215 : 0  0
                2425 : 1  0
                2435 : 0  0
                2445 : 1  0
                2455 : 0  0
                2505 : 1  0
                2515 : 0  0
                2625 : 1  0
                2655 : 0  0
                2705 : 1  0
                2735 : 0  0
                2765 : 1  0
                2805 : 0  0
                2815 : 1  0
                2845 : 0  0
                2865 : 1  0
                2875 : 0  0
                2885 : 1  0
                2915 : 0  0
                5695 : 1  0
                5715 : 0  0
                5825 : 1  0
                5835 : 0  0
                5875 : 1  0
                5885 : 0  0
                5965 : 1  0
                5975 : 0  0
                5985 : 1  0
                6005 : 0  0
                7705 : 1  0
                7715 : 0  0
                7855 : 1  0
                7865 : 0  0
                8855 : 1  0
                8875 : 0  0
                9425 : 0  1
                9445 : 0  0
                9565 : 0  1
                9605 : 0  0
                9855 : 0  1
                9885 : 0  0
                9915 : 0  1
                9955 : 0  0
                9975 : 0  1
                9985 : 0  0
               10345 : 0  1
               10375 : 0  0
               10435 : 0  1
               10455 : 0  0
               10485 : 0  1
               10505 : 0  0
               10525 : 0  1
               10535 : 0  0
               11405 : 0  1
               11425 : 0  0
               11475 : 0  1
               11495 : 0  0
               11535 : 0  1
               11545 : 0  0
               12075 : 0  1
               12115 : 0  0
               13065 : 1  0
               13085 : 0  0
               13105 : 1  0
               13125 : 0  0
               13135 : 1  0
               13205 : 0  0
               13215 : 1  0
               13285 : 0  0
               14965 : 0  1
               14975 : 0  0
               14985 : 0  1
               14995 : 0  0
               15005 : 0  1
               15045 : 0  0
               15265 : 0  1
               15285 : 0  0
               15295 : 0  1
               15305 : 0  0
               15325 : 0  1
               15335 : 0  0
               16305 : 0  1
               16315 : 0  0
               16395 : 0  1
               16415 : 0  0
               16425 : 0  1
               16455 : 0  0
               16535 : 0  1
               16545 : 0  0
               16575 : 0  1
               16585 : 0  0
               16885 : 0  1
               16925 : 0  0
               18335 : 1  0
               18345 : 0  0
               19485 : 0  1
               19495 : 0  0
               19525 : 0  1
               19565 : 0  0
               19615 : 0  1
               19635 : 0  0
               19645 : 0  1
               19695 : 0  0
All done!

./tb/LDL_sfifo_v1_tb.sv:55: $finish called at 20000 (1ns)
